tests
srcs
ls_specs.md
ls_parsing.o
ls_main.o
ls_libft.o
ls_ents_free.o
ls_display_list.o
ls_display.o
ls_cmp.o
ls.o
ls.log
libft
includes
ft_ls.log
ft_ls
diff
debbug.o
auteur
Makefile

./tests:
rootFile01
oldfile
empty
dirD
dirC
dirB
dirA

./tests/empty:
pouet

./tests/dirD:
k
j
i
e
c
a
H
G
F
D
B

./tests/dirB:
nopermfile
nopermdir
hello00

./tests/dirB/nopermdir:
privateFile

./tests/dirA:
subdirA
link2dirB

./tests/dirA/subdirA:
fileA

./srcs:
ls_parsing.c
ls_main.c
ls_libft.c
ls_ents_free.c
ls_display_list.c
ls_display.c
ls_cmp.c
ls.c
debbug.c

./includes:
ls.h
libft.h
